<?xml version="1.0" encoding="UTF-8"?>
<testng-results ignored="1" total="16" passed="13" failed="2" skipped="0">
  <reporter-output>
  </reporter-output>
  <suite started-at="2022-06-02T19:13:02 CDT" name="Command line suite" finished-at="2022-06-02T19:14:57 CDT" duration-ms="115728">
    <groups>
    </groups>
    <test started-at="2022-06-02T19:13:02 CDT" name="Command line test" finished-at="2022-06-02T19:14:57 CDT" duration-ms="115728">
      <class name="scripts._03_EtsyTest">
        <test-method is-config="true" signature="setup()[pri:0, instance:scripts._03_EtsyTest@4eb7f003]" started-at="2022-06-02T19:13:02 CDT" name="setup" finished-at="2022-06-02T19:13:07 CDT" duration-ms="5247" status="PASS">
          <reporter-output>
          </reporter-output>
        </test-method> <!-- setup -->
        <test-method signature="testEtsyLogo()[pri:1, instance:scripts._03_EtsyTest@4eb7f003]" started-at="2022-06-02T19:13:07 CDT" name="testEtsyLogo" finished-at="2022-06-02T19:13:10 CDT" duration-ms="3498" status="PASS">
          <reporter-output>
          </reporter-output>
        </test-method> <!-- testEtsyLogo -->
        <test-method is-config="true" signature="teardown()[pri:0, instance:scripts._03_EtsyTest@4eb7f003]" started-at="2022-06-02T19:13:11 CDT" name="teardown" finished-at="2022-06-02T19:13:11 CDT" duration-ms="265" status="PASS">
          <reporter-output>
          </reporter-output>
        </test-method> <!-- teardown -->
        <test-method is-config="true" signature="setup()[pri:0, instance:scripts._03_EtsyTest@4eb7f003]" started-at="2022-06-02T19:13:11 CDT" name="setup" finished-at="2022-06-02T19:13:12 CDT" duration-ms="1484" status="PASS">
          <reporter-output>
          </reporter-output>
        </test-method> <!-- setup -->
        <test-method signature="testEtsySearch()[pri:3, instance:scripts._03_EtsyTest@4eb7f003]" started-at="2022-06-02T19:13:12 CDT" name="testEtsySearch" finished-at="2022-06-02T19:13:15 CDT" duration-ms="3114" status="PASS">
          <reporter-output>
          </reporter-output>
        </test-method> <!-- testEtsySearch -->
        <test-method is-config="true" signature="teardown()[pri:0, instance:scripts._03_EtsyTest@4eb7f003]" started-at="2022-06-02T19:13:15 CDT" name="teardown" finished-at="2022-06-02T19:13:16 CDT" duration-ms="174" status="PASS">
          <reporter-output>
          </reporter-output>
        </test-method> <!-- teardown -->
        <test-method is-config="true" signature="setup()[pri:0, instance:scripts._03_EtsyTest@4eb7f003]" started-at="2022-06-02T19:13:16 CDT" name="setup" finished-at="2022-06-02T19:13:17 CDT" duration-ms="1415" status="PASS">
          <reporter-output>
          </reporter-output>
        </test-method> <!-- setup -->
        <test-method signature="testEtsySearchResult()[pri:2, instance:scripts._03_EtsyTest@4eb7f003]" started-at="2022-06-02T19:13:17 CDT" name="testEtsySearchResult" finished-at="2022-06-02T19:13:23 CDT" depends-on-methods="scripts._03_EtsyTest.testEtsySearch" duration-ms="6039" status="PASS">
          <reporter-output>
          </reporter-output>
        </test-method> <!-- testEtsySearchResult -->
        <test-method is-config="true" signature="teardown()[pri:0, instance:scripts._03_EtsyTest@4eb7f003]" started-at="2022-06-02T19:13:23 CDT" name="teardown" finished-at="2022-06-02T19:13:23 CDT" duration-ms="235" status="PASS">
          <reporter-output>
          </reporter-output>
        </test-method> <!-- teardown -->
        <test-method is-config="true" signature="setup()[pri:0, instance:scripts._03_EtsyTest@4eb7f003]" started-at="2022-06-02T19:13:23 CDT" name="setup" finished-at="2022-06-02T19:13:25 CDT" duration-ms="1436" status="PASS">
          <reporter-output>
          </reporter-output>
        </test-method> <!-- setup -->
        <test-method signature="testMainHeader()[pri:4, instance:scripts._03_EtsyTest@4eb7f003]" started-at="2022-06-02T19:13:25 CDT" name="testMainHeader" description="TC905: Validate Etsy Main Header" finished-at="2022-06-02T19:13:27 CDT" duration-ms="2728" status="FAIL">
          <exception class="java.lang.AssertionError">
            <message>
              <![CDATA[expected [Father's Day Gifts] but found [Shop Home Sales!]]]>
            </message>
            <full-stacktrace>
              <![CDATA[java.lang.AssertionError: expected [Father's Day Gifts] but found [Shop Home Sales!]
at org.testng.Assert.fail(Assert.java:97)
at org.testng.Assert.assertEqualsImpl(Assert.java:136)
at org.testng.Assert.assertEquals(Assert.java:118)
at org.testng.Assert.assertEquals(Assert.java:575)
at org.testng.Assert.assertEquals(Assert.java:585)
at scripts._03_EtsyTest.testMainHeader(_03_EtsyTest.java:73)
at java.base/jdk.internal.reflect.DirectMethodHandleAccessor.invoke(DirectMethodHandleAccessor.java:104)
at java.base/java.lang.reflect.Method.invoke(Method.java:577)
at org.testng.internal.MethodInvocationHelper.invokeMethod(MethodInvocationHelper.java:134)
at org.testng.internal.TestInvoker.invokeMethod(TestInvoker.java:597)
at org.testng.internal.TestInvoker.invokeTestMethod(TestInvoker.java:173)
at org.testng.internal.MethodRunner.runInSequence(MethodRunner.java:46)
at org.testng.internal.TestInvoker$MethodInvocationAgent.invoke(TestInvoker.java:816)
at org.testng.internal.TestInvoker.invokeTestMethods(TestInvoker.java:146)
at org.testng.internal.TestMethodWorker.invokeTestMethods(TestMethodWorker.java:146)
at org.testng.internal.TestMethodWorker.run(TestMethodWorker.java:128)
at java.base/java.util.ArrayList.forEach(ArrayList.java:1511)
at org.testng.TestRunner.privateRun(TestRunner.java:766)
at org.testng.TestRunner.run(TestRunner.java:587)
at org.testng.SuiteRunner.runTest(SuiteRunner.java:384)
at org.testng.SuiteRunner.runSequentially(SuiteRunner.java:378)
at org.testng.SuiteRunner.privateRun(SuiteRunner.java:337)
at org.testng.SuiteRunner.run(SuiteRunner.java:286)
at org.testng.SuiteRunnerWorker.runSuite(SuiteRunnerWorker.java:53)
at org.testng.SuiteRunnerWorker.run(SuiteRunnerWorker.java:96)
at org.testng.TestNG.runSuitesSequentially(TestNG.java:1187)
at org.testng.TestNG.runSuitesLocally(TestNG.java:1109)
at org.testng.TestNG.runSuites(TestNG.java:1039)
at org.testng.TestNG.run(TestNG.java:1007)
at org.apache.maven.surefire.testng.TestNGExecutor.run(TestNGExecutor.java:77)
at org.apache.maven.surefire.testng.TestNGDirectoryTestSuite.executeMulti(TestNGDirectoryTestSuite.java:159)
at org.apache.maven.surefire.testng.TestNGDirectoryTestSuite.execute(TestNGDirectoryTestSuite.java:99)
at org.apache.maven.surefire.testng.TestNGProvider.invoke(TestNGProvider.java:106)
at java.base/jdk.internal.reflect.DirectMethodHandleAccessor.invoke(DirectMethodHandleAccessor.java:104)
at java.base/java.lang.reflect.Method.invoke(Method.java:577)
at org.apache.maven.surefire.util.ReflectionUtils.invokeMethodWithArray(ReflectionUtils.java:189)
at org.apache.maven.surefire.booter.ProviderFactory$ProviderProxy.invoke(ProviderFactory.java:165)
at org.apache.maven.surefire.booter.ProviderFactory.invokeProvider(ProviderFactory.java:85)
at org.apache.maven.surefire.booter.ForkedBooter.runSuitesInProcess(ForkedBooter.java:115)
at org.apache.maven.surefire.booter.ForkedBooter.main(ForkedBooter.java:75)
]]>
            </full-stacktrace>
          </exception> <!-- java.lang.AssertionError -->
          <reporter-output>
          </reporter-output>
        </test-method> <!-- testMainHeader -->
        <test-method is-config="true" signature="teardown()[pri:0, instance:scripts._03_EtsyTest@4eb7f003]" started-at="2022-06-02T19:13:27 CDT" name="teardown" finished-at="2022-06-02T19:13:28 CDT" duration-ms="202" status="PASS">
          <reporter-output>
          </reporter-output>
        </test-method> <!-- teardown -->
      </class> <!-- scripts._03_EtsyTest -->
      <class name="scripts._07_DropdownTest">
        <test-method is-config="true" signature="setup()[pri:0, instance:scripts._07_DropdownTest@eafc191]" started-at="2022-06-02T19:13:28 CDT" name="setup" finished-at="2022-06-02T19:13:29 CDT" duration-ms="1455" status="PASS">
          <reporter-output>
          </reporter-output>
        </test-method> <!-- setup -->
        <test-method signature="testUnsecurePasswordErrorMessage()[pri:1, instance:scripts._07_DropdownTest@eafc191]" started-at="2022-06-02T19:13:29 CDT" name="testUnsecurePasswordErrorMessage" description="TC00001: Validate FaceBook sing in error message for password" finished-at="2022-06-02T19:13:41 CDT" duration-ms="11494" status="PASS">
          <reporter-output>
          </reporter-output>
        </test-method> <!-- testUnsecurePasswordErrorMessage -->
        <test-method is-config="true" signature="teardown()[pri:0, instance:scripts._07_DropdownTest@eafc191]" started-at="2022-06-02T19:13:41 CDT" name="teardown" finished-at="2022-06-02T19:13:41 CDT" duration-ms="188" status="PASS">
          <reporter-output>
          </reporter-output>
        </test-method> <!-- teardown -->
        <test-method is-config="true" signature="setup()[pri:0, instance:scripts._07_DropdownTest@eafc191]" started-at="2022-06-02T19:13:41 CDT" name="setup" finished-at="2022-06-02T19:13:42 CDT" duration-ms="1335" status="PASS">
          <reporter-output>
          </reporter-output>
        </test-method> <!-- setup -->
        <test-method signature="testExpediaDropDowns()[pri:2, instance:scripts._07_DropdownTest@eafc191]" started-at="2022-06-02T19:13:42 CDT" name="testExpediaDropDowns" description="TC0002: Validate Expedia dropdowns" finished-at="2022-06-02T19:14:15 CDT" duration-ms="32783" status="FAIL">
          <exception class="org.openqa.selenium.StaleElementReferenceException">
            <message>
              <![CDATA[stale element reference: element is not attached to the page document
  (Session info: chrome=102.0.5005.61)
For documentation on this error, please visit: https://www.seleniumhq.org/exceptions/stale_element_reference.html
Build info: version: '3.141.59', revision: 'e82be7d358', time: '2018-11-14T08:17:03'
System info: host: 'Alonas-Air.local.tld', ip: 'fe80:0:0:0:1c87:cc4a:7d8f:b309%en0', os.name: 'Mac OS X', os.arch: 'x86_64', os.version: '12.4', java.version: '18.0.1'
Driver info: org.openqa.selenium.chrome.ChromeDriver
Capabilities {acceptInsecureCerts: false, browserName: chrome, browserVersion: 102.0.5005.61, chrome: {chromedriverVersion: 102.0.5005.61 (0e59bcc00cc4..., userDataDir: /var/folders/t9/f35_jmtd6zz...}, goog:chromeOptions: {debuggerAddress: localhost:61224}, javascriptEnabled: true, networkConnectionEnabled: false, pageLoadStrategy: normal, platform: MAC, platformName: MAC, proxy: Proxy(), setWindowRect: true, strictFileInteractability: false, timeouts: {implicit: 0, pageLoad: 300000, script: 30000}, unhandledPromptBehavior: dismiss and notify, webauthn:extension:credBlob: true, webauthn:extension:largeBlob: true, webauthn:virtualAuthenticators: true}
Session ID: 3c58c27c22f70e99c1aa131154db1182]]>
            </message>
            <full-stacktrace>
              <![CDATA[org.openqa.selenium.StaleElementReferenceException: stale element reference: element is not attached to the page document
  (Session info: chrome=102.0.5005.61)
For documentation on this error, please visit: https://www.seleniumhq.org/exceptions/stale_element_reference.html
Build info: version: '3.141.59', revision: 'e82be7d358', time: '2018-11-14T08:17:03'
System info: host: 'Alonas-Air.local.tld', ip: 'fe80:0:0:0:1c87:cc4a:7d8f:b309%en0', os.name: 'Mac OS X', os.arch: 'x86_64', os.version: '12.4', java.version: '18.0.1'
Driver info: org.openqa.selenium.chrome.ChromeDriver
Capabilities {acceptInsecureCerts: false, browserName: chrome, browserVersion: 102.0.5005.61, chrome: {chromedriverVersion: 102.0.5005.61 (0e59bcc00cc4..., userDataDir: /var/folders/t9/f35_jmtd6zz...}, goog:chromeOptions: {debuggerAddress: localhost:61224}, javascriptEnabled: true, networkConnectionEnabled: false, pageLoadStrategy: normal, platform: MAC, platformName: MAC, proxy: Proxy(), setWindowRect: true, strictFileInteractability: false, timeouts: {implicit: 0, pageLoad: 300000, script: 30000}, unhandledPromptBehavior: dismiss and notify, webauthn:extension:credBlob: true, webauthn:extension:largeBlob: true, webauthn:virtualAuthenticators: true}
Session ID: 3c58c27c22f70e99c1aa131154db1182
at java.base/jdk.internal.reflect.DirectConstructorHandleAccessor.newInstance(DirectConstructorHandleAccessor.java:67)
at java.base/java.lang.reflect.Constructor.newInstanceWithCaller(Constructor.java:499)
at java.base/java.lang.reflect.Constructor.newInstance(Constructor.java:483)
at org.openqa.selenium.remote.http.W3CHttpResponseCodec.createException(W3CHttpResponseCodec.java:187)
at org.openqa.selenium.remote.http.W3CHttpResponseCodec.decode(W3CHttpResponseCodec.java:122)
at org.openqa.selenium.remote.http.W3CHttpResponseCodec.decode(W3CHttpResponseCodec.java:49)
at org.openqa.selenium.remote.HttpCommandExecutor.execute(HttpCommandExecutor.java:158)
at org.openqa.selenium.remote.service.DriverCommandExecutor.execute(DriverCommandExecutor.java:83)
at org.openqa.selenium.remote.RemoteWebDriver.execute(RemoteWebDriver.java:552)
at org.openqa.selenium.remote.RemoteWebElement.execute(RemoteWebElement.java:285)
at org.openqa.selenium.remote.RemoteWebElement.isDisplayed(RemoteWebElement.java:326)
at java.base/jdk.internal.reflect.DirectMethodHandleAccessor.invoke(DirectMethodHandleAccessor.java:104)
at java.base/java.lang.reflect.Method.invoke(Method.java:577)
at org.openqa.selenium.support.pagefactory.internal.LocatingElementHandler.invoke(LocatingElementHandler.java:51)
at jdk.proxy2/jdk.proxy2.$Proxy9.isDisplayed(Unknown Source)
at org.openqa.selenium.support.ui.ExpectedConditions.elementIfVisible(ExpectedConditions.java:314)
at org.openqa.selenium.support.ui.ExpectedConditions.access$000(ExpectedConditions.java:43)
at org.openqa.selenium.support.ui.ExpectedConditions$10.apply(ExpectedConditions.java:300)
at org.openqa.selenium.support.ui.ExpectedConditions$10.apply(ExpectedConditions.java:297)
at org.openqa.selenium.support.ui.FluentWait.until(FluentWait.java:249)
at utilities.Waiter.waitForVisibilityOfElement(Waiter.java:20)
at scripts._07_DropdownTest.testExpediaDropDowns(_07_DropdownTest.java:61)
at java.base/jdk.internal.reflect.DirectMethodHandleAccessor.invoke(DirectMethodHandleAccessor.java:104)
at java.base/java.lang.reflect.Method.invoke(Method.java:577)
at org.testng.internal.MethodInvocationHelper.invokeMethod(MethodInvocationHelper.java:134)
at org.testng.internal.TestInvoker.invokeMethod(TestInvoker.java:597)
at org.testng.internal.TestInvoker.invokeTestMethod(TestInvoker.java:173)
at org.testng.internal.MethodRunner.runInSequence(MethodRunner.java:46)
at org.testng.internal.TestInvoker$MethodInvocationAgent.invoke(TestInvoker.java:816)
at org.testng.internal.TestInvoker.invokeTestMethods(TestInvoker.java:146)
at org.testng.internal.TestMethodWorker.invokeTestMethods(TestMethodWorker.java:146)
at org.testng.internal.TestMethodWorker.run(TestMethodWorker.java:128)
at java.base/java.util.ArrayList.forEach(ArrayList.java:1511)
at org.testng.TestRunner.privateRun(TestRunner.java:766)
at org.testng.TestRunner.run(TestRunner.java:587)
at org.testng.SuiteRunner.runTest(SuiteRunner.java:384)
at org.testng.SuiteRunner.runSequentially(SuiteRunner.java:378)
at org.testng.SuiteRunner.privateRun(SuiteRunner.java:337)
at org.testng.SuiteRunner.run(SuiteRunner.java:286)
at org.testng.SuiteRunnerWorker.runSuite(SuiteRunnerWorker.java:53)
at org.testng.SuiteRunnerWorker.run(SuiteRunnerWorker.java:96)
at org.testng.TestNG.runSuitesSequentially(TestNG.java:1187)
at org.testng.TestNG.runSuitesLocally(TestNG.java:1109)
at org.testng.TestNG.runSuites(TestNG.java:1039)
at org.testng.TestNG.run(TestNG.java:1007)
at org.apache.maven.surefire.testng.TestNGExecutor.run(TestNGExecutor.java:77)
at org.apache.maven.surefire.testng.TestNGDirectoryTestSuite.executeMulti(TestNGDirectoryTestSuite.java:159)
at org.apache.maven.surefire.testng.TestNGDirectoryTestSuite.execute(TestNGDirectoryTestSuite.java:99)
at org.apache.maven.surefire.testng.TestNGProvider.invoke(TestNGProvider.java:106)
at java.base/jdk.internal.reflect.DirectMethodHandleAccessor.invoke(DirectMethodHandleAccessor.java:104)
at java.base/java.lang.reflect.Method.invoke(Method.java:577)
at org.apache.maven.surefire.util.ReflectionUtils.invokeMethodWithArray(ReflectionUtils.java:189)
at org.apache.maven.surefire.booter.ProviderFactory$ProviderProxy.invoke(ProviderFactory.java:165)
at org.apache.maven.surefire.booter.ProviderFactory.invokeProvider(ProviderFactory.java:85)
at org.apache.maven.surefire.booter.ForkedBooter.runSuitesInProcess(ForkedBooter.java:115)
at org.apache.maven.surefire.booter.ForkedBooter.main(ForkedBooter.java:75)
]]>
            </full-stacktrace>
          </exception> <!-- org.openqa.selenium.StaleElementReferenceException -->
          <reporter-output>
          </reporter-output>
        </test-method> <!-- testExpediaDropDowns -->
        <test-method is-config="true" signature="teardown()[pri:0, instance:scripts._07_DropdownTest@eafc191]" started-at="2022-06-02T19:14:15 CDT" name="teardown" finished-at="2022-06-02T19:14:16 CDT" duration-ms="712" status="PASS">
          <reporter-output>
          </reporter-output>
        </test-method> <!-- teardown -->
        <test-method is-config="true" signature="setup()[pri:0, instance:scripts._07_DropdownTest@eafc191]" started-at="2022-06-02T19:14:16 CDT" name="setup" finished-at="2022-06-02T19:14:17 CDT" duration-ms="1625" status="PASS">
          <reporter-output>
          </reporter-output>
        </test-method> <!-- setup -->
        <test-method signature="testEbayDropdown()[pri:3, instance:scripts._07_DropdownTest@eafc191]" started-at="2022-06-02T19:14:17 CDT" name="testEbayDropdown" description="TC0003: Validate Ebay Dropdown" finished-at="2022-06-02T19:14:17 CDT" duration-ms="0" status="PASS">
          <reporter-output>
          </reporter-output>
        </test-method> <!-- testEbayDropdown -->
        <test-method is-config="true" signature="teardown()[pri:0, instance:scripts._07_DropdownTest@eafc191]" started-at="2022-06-02T19:14:17 CDT" name="teardown" finished-at="2022-06-02T19:14:17 CDT" duration-ms="94" status="PASS">
          <reporter-output>
          </reporter-output>
        </test-method> <!-- teardown -->
      </class> <!-- scripts._07_DropdownTest -->
      <class name="scripts._04GoogleSearchTest">
        <test-method is-config="true" signature="setup()[pri:0, instance:scripts._04GoogleSearchTest@1060b431]" started-at="2022-06-02T19:14:20 CDT" name="setup" finished-at="2022-06-02T19:14:22 CDT" duration-ms="1365" status="PASS">
          <reporter-output>
          </reporter-output>
        </test-method> <!-- setup -->
        <test-method signature="testGoogleSearch()[pri:1, instance:scripts._04GoogleSearchTest@1060b431]" started-at="2022-06-02T19:14:22 CDT" name="testGoogleSearch" finished-at="2022-06-02T19:14:26 CDT" duration-ms="4120" status="PASS">
          <reporter-output>
          </reporter-output>
        </test-method> <!-- testGoogleSearch -->
        <test-method is-config="true" signature="teardown()[pri:0, instance:scripts._04GoogleSearchTest@1060b431]" started-at="2022-06-02T19:14:26 CDT" name="teardown" finished-at="2022-06-02T19:14:26 CDT" duration-ms="246" status="PASS">
          <reporter-output>
          </reporter-output>
        </test-method> <!-- teardown -->
        <test-method is-config="true" signature="setup()[pri:0, instance:scripts._04GoogleSearchTest@1060b431]" started-at="2022-06-02T19:14:26 CDT" name="setup" finished-at="2022-06-02T19:14:27 CDT" duration-ms="1369" status="PASS">
          <reporter-output>
          </reporter-output>
        </test-method> <!-- setup -->
        <test-method signature="testGoogleStoreLink()[pri:2, instance:scripts._04GoogleSearchTest@1060b431]" started-at="2022-06-02T19:14:27 CDT" name="testGoogleStoreLink" description="TC123: Validate Google Store link" finished-at="2022-06-02T19:14:31 CDT" duration-ms="3623" status="PASS">
          <reporter-output>
          </reporter-output>
        </test-method> <!-- testGoogleStoreLink -->
        <test-method is-config="true" signature="teardown()[pri:0, instance:scripts._04GoogleSearchTest@1060b431]" started-at="2022-06-02T19:14:31 CDT" name="teardown" finished-at="2022-06-02T19:14:31 CDT" duration-ms="349" status="PASS">
          <reporter-output>
          </reporter-output>
        </test-method> <!-- teardown -->
      </class> <!-- scripts._04GoogleSearchTest -->
      <class name="scripts._02_TechGlobalTest">
        <test-method is-config="true" signature="setup()[pri:0, instance:scripts._02_TechGlobalTest@612fc6eb]" started-at="2022-06-02T19:14:17 CDT" name="setup" finished-at="2022-06-02T19:14:19 CDT" duration-ms="1420" status="PASS">
          <reporter-output>
          </reporter-output>
        </test-method> <!-- setup -->
        <test-method signature="testAplicationFormHeading()[pri:1, instance:scripts._02_TechGlobalTest@612fc6eb]" started-at="2022-06-02T19:14:19 CDT" name="testAplicationFormHeading" description="TC123:Validate Application form Heading" finished-at="2022-06-02T19:14:20 CDT" duration-ms="1415" status="PASS">
          <reporter-output>
          </reporter-output>
        </test-method> <!-- testAplicationFormHeading -->
        <test-method is-config="true" signature="teardown()[pri:0, instance:scripts._02_TechGlobalTest@612fc6eb]" started-at="2022-06-02T19:14:20 CDT" name="teardown" finished-at="2022-06-02T19:14:20 CDT" duration-ms="163" status="PASS">
          <reporter-output>
          </reporter-output>
        </test-method> <!-- teardown -->
      </class> <!-- scripts._02_TechGlobalTest -->
      <class name="scripts._06_RadioButtonTest">
        <test-method is-config="true" signature="setup()[pri:0, instance:scripts._06_RadioButtonTest@e720b71]" started-at="2022-06-02T19:14:40 CDT" name="setup" finished-at="2022-06-02T19:14:42 CDT" duration-ms="1482" status="PASS">
          <reporter-output>
          </reporter-output>
        </test-method> <!-- setup -->
        <test-method signature="creatingANewAccount()[pri:1, instance:scripts._06_RadioButtonTest@e720b71]" started-at="2022-06-02T19:14:42 CDT" name="creatingANewAccount" description="TC0003: Creating a new account" finished-at="2022-06-02T19:14:46 CDT" duration-ms="3769" status="PASS">
          <reporter-output>
          </reporter-output>
        </test-method> <!-- creatingANewAccount -->
        <test-method is-config="true" signature="teardown()[pri:0, instance:scripts._06_RadioButtonTest@e720b71]" started-at="2022-06-02T19:14:46 CDT" name="teardown" finished-at="2022-06-02T19:14:46 CDT" duration-ms="277" status="PASS">
          <reporter-output>
          </reporter-output>
        </test-method> <!-- teardown -->
        <test-method is-config="true" signature="setup()[pri:0, instance:scripts._06_RadioButtonTest@e720b71]" started-at="2022-06-02T19:14:46 CDT" name="setup" finished-at="2022-06-02T19:14:47 CDT" duration-ms="1469" status="PASS">
          <reporter-output>
          </reporter-output>
        </test-method> <!-- setup -->
        <test-method signature="testFacebookRadioButton()[pri:1, instance:scripts._06_RadioButtonTest@e720b71]" started-at="2022-06-02T19:14:47 CDT" name="testFacebookRadioButton" description="TC0002: Validate Facebook Gender Radio Buttons" finished-at="2022-06-02T19:14:57 CDT" duration-ms="9925" status="PASS">
          <reporter-output>
          </reporter-output>
        </test-method> <!-- testFacebookRadioButton -->
        <test-method is-config="true" signature="teardown()[pri:0, instance:scripts._06_RadioButtonTest@e720b71]" started-at="2022-06-02T19:14:57 CDT" name="teardown" finished-at="2022-06-02T19:14:57 CDT" duration-ms="131" status="PASS">
          <reporter-output>
          </reporter-output>
        </test-method> <!-- teardown -->
      </class> <!-- scripts._06_RadioButtonTest -->
      <class name="scripts._01_AppleTest">
        <test-method is-config="true" signature="setup()[pri:0, instance:scripts._01_AppleTest@612679d6]" started-at="2022-06-02T19:14:31 CDT" name="setup" finished-at="2022-06-02T19:14:33 CDT" duration-ms="1364" status="PASS">
          <reporter-output>
          </reporter-output>
        </test-method> <!-- setup -->
        <test-method signature="testAppleTitle()[pri:1, instance:scripts._01_AppleTest@612679d6]" started-at="2022-06-02T19:14:33 CDT" name="testAppleTitle" finished-at="2022-06-02T19:14:34 CDT" duration-ms="1317" status="PASS">
          <reporter-output>
          </reporter-output>
        </test-method> <!-- testAppleTitle -->
        <test-method is-config="true" signature="teardown()[pri:0, instance:scripts._01_AppleTest@612679d6]" started-at="2022-06-02T19:14:34 CDT" name="teardown" finished-at="2022-06-02T19:14:34 CDT" duration-ms="244" status="PASS">
          <reporter-output>
          </reporter-output>
        </test-method> <!-- teardown -->
        <test-method is-config="true" signature="setup()[pri:0, instance:scripts._01_AppleTest@612679d6]" started-at="2022-06-02T19:14:34 CDT" name="setup" finished-at="2022-06-02T19:14:36 CDT" duration-ms="1453" status="PASS">
          <reporter-output>
          </reporter-output>
        </test-method> <!-- setup -->
        <test-method signature="testAppleURL()[pri:2, instance:scripts._01_AppleTest@612679d6]" started-at="2022-06-02T19:14:36 CDT" name="testAppleURL" finished-at="2022-06-02T19:14:37 CDT" duration-ms="1543" status="PASS">
          <reporter-output>
          </reporter-output>
        </test-method> <!-- testAppleURL -->
        <test-method is-config="true" signature="teardown()[pri:0, instance:scripts._01_AppleTest@612679d6]" started-at="2022-06-02T19:14:37 CDT" name="teardown" finished-at="2022-06-02T19:14:38 CDT" duration-ms="352" status="PASS">
          <reporter-output>
          </reporter-output>
        </test-method> <!-- teardown -->
      </class> <!-- scripts._01_AppleTest -->
      <class name="scripts._05_CheckBoxTest">
        <test-method is-config="true" signature="setup()[pri:0, instance:scripts._05_CheckBoxTest@11758f2a]" started-at="2022-06-02T19:14:38 CDT" name="setup" finished-at="2022-06-02T19:14:39 CDT" duration-ms="1395" status="PASS">
          <reporter-output>
          </reporter-output>
        </test-method> <!-- setup -->
        <test-method signature="testCheckBoxInHeroApp()[pri:1, instance:scripts._05_CheckBoxTest@11758f2a]" started-at="2022-06-02T19:14:39 CDT" name="testCheckBoxInHeroApp" description="TC001: Validate checkbox in hero app" finished-at="2022-06-02T19:14:40 CDT" duration-ms="1201" status="PASS">
          <reporter-output>
          </reporter-output>
        </test-method> <!-- testCheckBoxInHeroApp -->
        <test-method is-config="true" signature="teardown()[pri:0, instance:scripts._05_CheckBoxTest@11758f2a]" started-at="2022-06-02T19:14:40 CDT" name="teardown" finished-at="2022-06-02T19:14:40 CDT" duration-ms="165" status="PASS">
          <reporter-output>
          </reporter-output>
        </test-method> <!-- teardown -->
      </class> <!-- scripts._05_CheckBoxTest -->
    </test> <!-- Command line test -->
  </suite> <!-- Command line suite -->
</testng-results>
