<?xml version="1.0" encoding="UTF-8" ?>
<testsuite tests="15" failures="2" name="TestSuite" time="86.572" errors="0" skipped="0">
  <properties>
[...]
</properties>
  <testcase classname="scripts._03_EtsyTest" name="testEtsyLogo" time="3.501"/>
  <testcase classname="scripts._03_EtsyTest" name="testEtsySearch" time="3.113"/>
  <testcase classname="scripts._03_EtsyTest" name="testEtsySearchResult" time="6.041"/>
  <testcase classname="scripts._03_EtsyTest" name="testMainHeader" time="2.729">
    <failure message="expected [Father&apos;s Day Gifts] but found [Shop Home Sales!]" type="java.lang.AssertionError">java.lang.AssertionError: expected [Father&apos;s Day Gifts] but found [Shop Home Sales!]
	at org.testng.Assert.fail(Assert.java:97)
	at org.testng.Assert.assertEqualsImpl(Assert.java:136)
	at org.testng.Assert.assertEquals(Assert.java:118)
	at org.testng.Assert.assertEquals(Assert.java:575)
	at org.testng.Assert.assertEquals(Assert.java:585)
	at scripts._03_EtsyTest.testMainHeader(_03_EtsyTest.java:73)
</failure>
    <system-err>Starting ChromeDriver 102.0.5005.61 (0e59bcc00cc4985ce39ad31c150065f159d95ad3-refs/branch-heads/5005@{#819}) on port 21887
Only local connections are allowed.
Please see https://chromedriver.chromium.org/security-considerations for suggestions on keeping ChromeDriver safe.
ChromeDriver was started successfully.
Jun 02, 2022 7:13:25 PM org.openqa.selenium.remote.ProtocolHandshake createSession
INFO: Detected dialect: W3C
</system-err>
  </testcase>
  <testcase classname="scripts._07_DropdownTest" name="testUnsecurePasswordErrorMessage" time="11.495"/>
  <testcase classname="scripts._07_DropdownTest" name="testExpediaDropDowns" time="32.783">
    <failure message="stale element reference: element is not attached to the page document
  (Session info: chrome=102.0.5005.61)
For documentation on this error, please visit: https://www.seleniumhq.org/exceptions/stale_element_reference.html
Build info: version: &apos;3.141.59&apos;, revision: &apos;e82be7d358&apos;, time: &apos;2018-11-14T08:17:03&apos;
System info: host: &apos;Alonas-Air.local.tld&apos;, ip: &apos;fe80:0:0:0:1c87:cc4a:7d8f:b309%en0&apos;, os.name: &apos;Mac OS X&apos;, os.arch: &apos;x86_64&apos;, os.version: &apos;12.4&apos;, java.version: &apos;18.0.1&apos;
Driver info: org.openqa.selenium.chrome.ChromeDriver
Capabilities {acceptInsecureCerts: false, browserName: chrome, browserVersion: 102.0.5005.61, chrome: {chromedriverVersion: 102.0.5005.61 (0e59bcc00cc4..., userDataDir: /var/folders/t9/f35_jmtd6zz...}, goog:chromeOptions: {debuggerAddress: localhost:61224}, javascriptEnabled: true, networkConnectionEnabled: false, pageLoadStrategy: normal, platform: MAC, platformName: MAC, proxy: Proxy(), setWindowRect: true, strictFileInteractability: false, timeouts: {implicit: 0, pageLoad: 300000, script: 30000}, unhandledPromptBehavior: dismiss and notify, webauthn:extension:credBlob: true, webauthn:extension:largeBlob: true, webauthn:virtualAuthenticators: true}
Session ID: 3c58c27c22f70e99c1aa131154db1182" type="org.openqa.selenium.StaleElementReferenceException">org.openqa.selenium.StaleElementReferenceException: stale element reference: element is not attached to the page document
  (Session info: chrome=102.0.5005.61)
For documentation on this error, please visit: https://www.seleniumhq.org/exceptions/stale_element_reference.html
Build info: version: &apos;3.141.59&apos;, revision: &apos;e82be7d358&apos;, time: &apos;2018-11-14T08:17:03&apos;
System info: host: &apos;Alonas-Air.local.tld&apos;, ip: &apos;fe80:0:0:0:1c87:cc4a:7d8f:b309%en0&apos;, os.name: &apos;Mac OS X&apos;, os.arch: &apos;x86_64&apos;, os.version: &apos;12.4&apos;, java.version: &apos;18.0.1&apos;
Driver info: org.openqa.selenium.chrome.ChromeDriver
Capabilities {acceptInsecureCerts: false, browserName: chrome, browserVersion: 102.0.5005.61, chrome: {chromedriverVersion: 102.0.5005.61 (0e59bcc00cc4..., userDataDir: /var/folders/t9/f35_jmtd6zz...}, goog:chromeOptions: {debuggerAddress: localhost:61224}, javascriptEnabled: true, networkConnectionEnabled: false, pageLoadStrategy: normal, platform: MAC, platformName: MAC, proxy: Proxy(), setWindowRect: true, strictFileInteractability: false, timeouts: {implicit: 0, pageLoad: 300000, script: 30000}, unhandledPromptBehavior: dismiss and notify, webauthn:extension:credBlob: true, webauthn:extension:largeBlob: true, webauthn:virtualAuthenticators: true}
Session ID: 3c58c27c22f70e99c1aa131154db1182
	at java.base/jdk.internal.reflect.DirectConstructorHandleAccessor.newInstance(DirectConstructorHandleAccessor.java:67)
	at java.base/java.lang.reflect.Constructor.newInstanceWithCaller(Constructor.java:499)
	at java.base/java.lang.reflect.Constructor.newInstance(Constructor.java:483)
	at org.openqa.selenium.remote.http.W3CHttpResponseCodec.createException(W3CHttpResponseCodec.java:187)
	at org.openqa.selenium.remote.http.W3CHttpResponseCodec.decode(W3CHttpResponseCodec.java:122)
	at org.openqa.selenium.remote.http.W3CHttpResponseCodec.decode(W3CHttpResponseCodec.java:49)
	at org.openqa.selenium.remote.HttpCommandExecutor.execute(HttpCommandExecutor.java:158)
	at org.openqa.selenium.remote.service.DriverCommandExecutor.execute(DriverCommandExecutor.java:83)
	at org.openqa.selenium.remote.RemoteWebDriver.execute(RemoteWebDriver.java:552)
	at org.openqa.selenium.remote.RemoteWebElement.execute(RemoteWebElement.java:285)
	at org.openqa.selenium.remote.RemoteWebElement.isDisplayed(RemoteWebElement.java:326)
	at java.base/jdk.internal.reflect.DirectMethodHandleAccessor.invoke(DirectMethodHandleAccessor.java:104)
	at java.base/java.lang.reflect.Method.invoke(Method.java:577)
	at org.openqa.selenium.support.pagefactory.internal.LocatingElementHandler.invoke(LocatingElementHandler.java:51)
	at jdk.proxy2/jdk.proxy2.$Proxy9.isDisplayed(Unknown Source)
	at org.openqa.selenium.support.ui.ExpectedConditions.elementIfVisible(ExpectedConditions.java:314)
	at org.openqa.selenium.support.ui.ExpectedConditions.access$000(ExpectedConditions.java:43)
	at org.openqa.selenium.support.ui.ExpectedConditions$10.apply(ExpectedConditions.java:300)
	at org.openqa.selenium.support.ui.ExpectedConditions$10.apply(ExpectedConditions.java:297)
	at org.openqa.selenium.support.ui.FluentWait.until(FluentWait.java:249)
	at utilities.Waiter.waitForVisibilityOfElement(Waiter.java:20)
	at scripts._07_DropdownTest.testExpediaDropDowns(_07_DropdownTest.java:61)
</failure>
    <system-err>Starting ChromeDriver 102.0.5005.61 (0e59bcc00cc4985ce39ad31c150065f159d95ad3-refs/branch-heads/5005@{#819}) on port 30775
Only local connections are allowed.
Please see https://chromedriver.chromium.org/security-considerations for suggestions on keeping ChromeDriver safe.
ChromeDriver was started successfully.
Jun 02, 2022 7:13:42 PM org.openqa.selenium.remote.ProtocolHandshake createSession
INFO: Detected dialect: W3C
</system-err>
  </testcase>
  <testcase classname="scripts._07_DropdownTest" name="testEbayDropdown" time="0"/>
  <testcase classname="scripts._02_TechGlobalTest" name="testAplicationFormHeading" time="1.413"/>
  <testcase classname="scripts._04GoogleSearchTest" name="testGoogleSearch" time="4.121"/>
  <testcase classname="scripts._04GoogleSearchTest" name="testGoogleStoreLink" time="3.622"/>
  <testcase classname="scripts._01_AppleTest" name="testAppleTitle" time="1.316"/>
  <testcase classname="scripts._01_AppleTest" name="testAppleURL" time="1.542"/>
  <testcase classname="scripts._05_CheckBoxTest" name="testCheckBoxInHeroApp" time="1.201"/>
  <testcase classname="scripts._06_RadioButtonTest" name="creatingANewAccount" time="3.769"/>
  <testcase classname="scripts._06_RadioButtonTest" name="testFacebookRadioButton" time="9.926"/>
</testsuite>